#
# A fatal error has been detected by the Java Runtime Environment:
#
#  EXCEPTION_ACCESS_VIOLATION (0xc0000005) at pc=0x00007ffd660791a0, pid=10472, tid=2172
#
# JRE version: OpenJDK Runtime Environment AdoptOpenJDK (11.0.10+9) (build 11.0.10+9)
# Java VM: OpenJDK 64-Bit Server VM AdoptOpenJDK (11.0.10+9, mixed mode, tiered, compressed oops, g1 gc, windows-amd64)
# Problematic frame:
# C  [ig9icd64.dll+0x1491a0]
#
# No core dump will be written. Minidumps are not enabled by default on client versions of Windows
#
# If you would like to submit a bug report, please visit:
#   https://github.com/AdoptOpenJDK/openjdk-support/issues
# The crash happened outside the Java Virtual Machine in native code.
# See problematic frame for where to report the bug.
#

---------------  S U M M A R Y ------------

Command Line: -Dfile.encoding=UTF-8 com.snksynthesis.voxelgame.App

Host: Intel(R) Core(TM) i7-7500U CPU @ 2.70GHz, 4 cores, 15G,  Windows 10 , 64 bit Build 19041 (10.0.19041.804)
Time: Sun Apr  4 14:00:45 2021 Pacific Daylight Time elapsed time: 0.743730 seconds (0d 0h 0m 0s)

---------------  T H R E A D  ---------------

Current thread (0x00000243b8b9c800):  JavaThread "main" [_thread_in_native, id=2172, stack(0x0000005938400000,0x0000005938500000)]

Stack: [0x0000005938400000,0x0000005938500000],  sp=0x00000059384fe190,  free space=1016k
Native frames: (J=compiled Java code, j=interpreted, Vv=VM code, C=native code)
C  [ig9icd64.dll+0x1491a0]

Java frames: (J=compiled Java code, j=interpreted, Vv=VM code)
j  org.lwjgl.opengl.GL11C.nglTexImage2D(IIIIIIIIJ)V+0
j  org.lwjgl.opengl.GL11C.glTexImage2D(IIIIIIIILjava/nio/ByteBuffer;)V+17
j  org.lwjgl.opengl.GL11.glTexImage2D(IIIIIIIILjava/nio/ByteBuffer;)V+14
j  com.snksynthesis.voxelgame.gfx.Texture.<init>(Ljava/lang/String;)V+131
j  com.snksynthesis.voxelgame.block.Block.<init>(Lcom/snksynthesis/voxelgame/block/BlockType;)V+73
j  com.snksynthesis.voxelgame.App.init()V+80
j  com.snksynthesis.voxelgame.App.run()V+1
j  com.snksynthesis.voxelgame.App.main([Ljava/lang/String;)V+7
v  ~StubRoutines::call_stub

siginfo: EXCEPTION_ACCESS_VIOLATION (0xc0000005), reading address 0x00000243e4274000


Register to memory mapping:

RIP=0x00007ffd660791a0 ig9icd64.dll
RAX=0x0000000000000019 is an unknown value
RBX=0x00000059384fe320 is pointing into the stack for thread: 0x00000243b8b9c800
RCX=0x0 is NULL
RDX=0x00000243e4273fa0 points into unknown readable memory: 0x003a0043003b006e | 6e 00 3b 00 43 00 3a 00
RSP=0x00000059384fe190 is pointing into the stack for thread: 0x00000243b8b9c800
RBP=0x00000059384fe2f0 is pointing into the stack for thread: 0x00000243b8b9c800
RSI=0x00000243ded1a000 points into unknown readable memory: 0x2d671f30682c3f72 | 72 3f 2c 68 30 1f 67 2d
RDI=0x00000243ded1ac80 points into unknown readable memory: 0x0000000000000000 | 00 00 00 00 00 00 00 00
R8 =4096 is a compressed pointer to class: 0x0000000800001000
java.lang.Object {0x0000000800001008}
R9 =0x0000000000000020 is an unknown value
R10=0x000000000000001a is an unknown value
R11=0x00000243dd4f36e4 points into unknown readable memory: 00 00 00 00
R12=0x00000000000001c1 is an unknown value
R13=0x00000243ded1a000 points into unknown readable memory: 0x2d671f30682c3f72 | 72 3f 2c 68 30 1f 67 2d
R14=0x00000059384fe5d0 is pointing into the stack for thread: 0x00000243b8b9c800
R15=0x00007ffd65f30000 ig9icd64.dll


Registers:
RAX=0x0000000000000019, RBX=0x00000059384fe320, RCX=0x0000000000000000, RDX=0x00000243e4273fa0
RSP=0x00000059384fe190, RBP=0x00000059384fe2f0, RSI=0x00000243ded1a000, RDI=0x00000243ded1ac80
R8 =0x0000000000001000, R9 =0x0000000000000020, R10=0x000000000000001a, R11=0x00000243dd4f36e4
R12=0x00000000000001c1, R13=0x00000243ded1a000, R14=0x00000059384fe5d0, R15=0x00007ffd65f30000
RIP=0x00007ffd660791a0, EFLAGS=0x0000000000010203

Top of Stack: (sp=0x00000059384fe190)
0x00000059384fe190:   0000000000000000 0000000000000000
0x00000059384fe1a0:   0000000000000000 0000000000000000
0x00000059384fe1b0:   00000243e4273320 00007ffd663ea6b9
0x00000059384fe1c0:   40004e8040000280 0000000000000001
0x00000059384fe1d0:   00000059384fe5d0 00007ffd66ba1958
0x00000059384fe1e0:   0000000000000000 00007ffd663ecddc
0x00000059384fe1f0:   00000059384fe2f0 0000000000000000
0x00000059384fe200:   00000059384fe5d0 0000000000000001
0x00000059384fe210:   00000243e4260049 00007ffd00000001
0x00000059384fe220:   00000243e4273320 00007ffd65f70700
0x00000059384fe230:   0000886a3a2ef0d2 0000000000000041
0x00000059384fe240:   0000000000000001 00000059384fe388
0x00000059384fe250:   00000059384fe530 00000243dd4daa00
0x00000059384fe260:   00000243dd80d770 0000000000000000
0x00000059384fe270:   0000000000000000 00007ffd6643b4cd
0x00000059384fe280:   00000243dd485bf0 0000000000000000 

Instructions: (pc=0x00007ffd660791a0)
0x00007ffd660790a0:   8b c1 44 8b d1 4c 2b c0 0f 29 74 24 10 4d 8b c8
0x00007ffd660790b0:   0f 29 3c 24 49 c1 e9 07 f6 c2 0f 0f 84 af 00 00
0x00007ffd660790c0:   00 4d 85 c9 74 6b 66 66 0f 1f 84 00 00 00 00 00
0x00007ffd660790d0:   f3 0f 6f 02 41 ff c2 f3 0f 6f 4a 10 41 8b c2 f3
0x00007ffd660790e0:   0f 6f 52 20 f3 0f 6f 5a 30 f3 0f 6f 62 40 f3 0f
0x00007ffd660790f0:   6f 6a 50 f3 0f 6f 72 60 f3 0f 6f 7a 70 66 0f e7
0x00007ffd66079100:   07 66 0f e7 4f 10 66 0f e7 57 20 66 0f e7 5f 30
0x00007ffd66079110:   66 0f e7 67 40 66 0f e7 6f 50 66 0f e7 77 60 66
0x00007ffd66079120:   0f e7 7f 70 48 83 ef 80 48 83 ea 80 49 3b c1 72
0x00007ffd66079130:   9f 41 83 e0 7f 0f 84 e0 00 00 00 45 8b d0 44 8b
0x00007ffd66079140:   c9 49 c1 ea 04 4d 85 d2 0f 84 cd 00 00 00 66 90
0x00007ffd66079150:   f3 0f 6f 02 41 ff c1 48 83 c2 10 41 8b c1 66 0f
0x00007ffd66079160:   e7 07 48 83 c7 10 49 3b c2 72 e5 e9 ab 00 00 00
0x00007ffd66079170:   4d 85 c9 74 6c 66 66 66 0f 1f 84 00 00 00 00 00
0x00007ffd66079180:   f3 0f 6f 02 41 ff c2 f3 0f 6f 4a 10 f3 0f 6f 52
0x00007ffd66079190:   20 f3 0f 6f 5a 30 f3 0f 6f 62 40 f3 0f 6f 6a 50
0x00007ffd660791a0:   f3 0f 6f 72 60 f3 0f 6f 7a 70 48 83 ea 80 66 0f
0x00007ffd660791b0:   e7 07 66 0f e7 4f 10 66 0f e7 57 20 66 0f e7 5f
0x00007ffd660791c0:   30 66 0f e7 67 40 66 0f e7 6f 50 66 0f e7 77 60
0x00007ffd660791d0:   66 0f e7 7f 70 48 83 ef 80 41 8b c2 49 3b c1 72
0x00007ffd660791e0:   9f 41 83 e0 7f 74 34 45 8b d0 44 8b c9 49 c1 ea
0x00007ffd660791f0:   04 4d 85 d2 74 25 66 66 0f 1f 84 00 00 00 00 00
0x00007ffd66079200:   f3 0f 6f 02 41 ff c1 66 0f e7 07 48 83 c7 10 41
0x00007ffd66079210:   8b c1 48 83 c2 10 49 3b c2 72 e5 0f 28 74 24 10
0x00007ffd66079220:   0f 28 3c 24 41 83 e0 0f 74 49 45 8b d0 44 8b c9
0x00007ffd66079230:   49 c1 ea 02 4d 85 d2 74 1e 0f 1f 80 00 00 00 00
0x00007ffd66079240:   8b 02 41 ff c1 89 07 48 83 c2 04 48 83 c7 04 41
0x00007ffd66079250:   8b c1 49 3b c2 72 e9 41 83 e0 03 76 16 48 2b d7
0x00007ffd66079260:   0f b6 04 3a ff c1 88 07 48 8d 7f 01 8b c1 49 3b
0x00007ffd66079270:   c0 72 ed 48 83 c4 20 5f c3 cc cc cc cc cc cc cc
0x00007ffd66079280:   8b 01 83 c0 f2 83 f8 1a 77 7f 4c 8d 05 6f 6d eb
0x00007ffd66079290:   ff 48 98 41 0f b6 84 00 30 93 14 00 41 8b 94 80 


Stack slot to memory mapping:
stack at sp + 0 slots: 0x0 is NULL
stack at sp + 1 slots: 0x0 is NULL
stack at sp + 2 slots: 0x0 is NULL
stack at sp + 3 slots: 0x0 is NULL
stack at sp + 4 slots: 0x00000243e4273320 points into unknown readable memory: 0x2d671f30682c3f72 | 72 3f 2c 68 30 1f 67 2d
stack at sp + 5 slots: 0x00007ffd663ea6b9 ig9icd64.dll
stack at sp + 6 slots: 0x40004e8040000280 is an unknown value
stack at sp + 7 slots: 0x0000000000000001 is an unknown value


---------------  P R O C E S S  ---------------

Threads class SMR info:
_java_thread_list=0x00000243dd119a50, length=10, elements={
0x00000243b8b9c800, 0x00000243dcf47800, 0x00000243dcf51000, 0x00000243dcfae800,
0x00000243dcfb0000, 0x00000243dcfb2000, 0x00000243dcfb7000, 0x00000243dcfbe800,
0x00000243dcfc0800, 0x00000243dd140000
}

Java Threads: ( => current thread )
=>0x00000243b8b9c800 JavaThread "main" [_thread_in_native, id=2172, stack(0x0000005938400000,0x0000005938500000)]
  0x00000243dcf47800 JavaThread "Reference Handler" daemon [_thread_blocked, id=16724, stack(0x0000005938b00000,0x0000005938c00000)]
  0x00000243dcf51000 JavaThread "Finalizer" daemon [_thread_blocked, id=12736, stack(0x0000005938c00000,0x0000005938d00000)]
  0x00000243dcfae800 JavaThread "Signal Dispatcher" daemon [_thread_blocked, id=9644, stack(0x0000005938d00000,0x0000005938e00000)]
  0x00000243dcfb0000 JavaThread "Attach Listener" daemon [_thread_blocked, id=5576, stack(0x0000005938e00000,0x0000005938f00000)]
  0x00000243dcfb2000 JavaThread "Service Thread" daemon [_thread_blocked, id=9232, stack(0x0000005938f00000,0x0000005939000000)]
  0x00000243dcfb7000 JavaThread "C2 CompilerThread0" daemon [_thread_blocked, id=3392, stack(0x0000005939000000,0x0000005939100000)]
  0x00000243dcfbe800 JavaThread "C1 CompilerThread0" daemon [_thread_blocked, id=15648, stack(0x0000005939100000,0x0000005939200000)]
  0x00000243dcfc0800 JavaThread "Sweeper thread" daemon [_thread_blocked, id=6296, stack(0x0000005939200000,0x0000005939300000)]
  0x00000243dd140000 JavaThread "Common-Cleaner" daemon [_thread_blocked, id=12720, stack(0x0000005939400000,0x0000005939500000)]

Other Threads:
  0x00000243dcf23800 VMThread "VM Thread" [stack: 0x0000005938a00000,0x0000005938b00000] [id=11972]
  0x00000243dd138000 WatcherThread [stack: 0x0000005939300000,0x0000005939400000] [id=12304]
  0x00000243b8bb4000 GCTaskThread "GC Thread#0" [stack: 0x0000005938500000,0x0000005938600000] [id=11572]
  0x00000243b8c10000 ConcurrentGCThread "G1 Main Marker" [stack: 0x0000005938600000,0x0000005938700000] [id=1084]
  0x00000243b8c11800 ConcurrentGCThread "G1 Conc#0" [stack: 0x0000005938700000,0x0000005938800000] [id=4676]
  0x00000243dc57f800 ConcurrentGCThread "G1 Refine#0" [stack: 0x0000005938800000,0x0000005938900000] [id=2528]
  0x00000243dc580800 ConcurrentGCThread "G1 Young RemSet Sampling" [stack: 0x0000005938900000,0x0000005938a00000] [id=16700]

Threads with active compile tasks:

VM state:not at safepoint (normal execution)

VM Mutex/Monitor currently owned by a thread: None

Heap address: 0x0000000701800000, size: 4072 MB, Compressed Oops mode: Zero based, Oop shift amount: 3
Narrow klass base: 0x0000000800000000, Narrow klass shift: 0
Compressed class space size: 1073741824 Address: 0x0000000800000000

Heap:
 garbage-first heap   total 262144K, used 12288K [0x0000000701800000, 0x0000000800000000)
  region size 1024K, 14 young (14336K), 0 survivors (0K)
 Metaspace       used 11821K, capacity 11986K, committed 12160K, reserved 1060864K
  class space    used 815K, capacity 870K, committed 896K, reserved 1048576K
Heap Regions: E=young(eden), S=young(survivor), O=old, HS=humongous(starts), HC=humongous(continues), CS=collection set, F=free, A=archive, TAMS=top-at-mark-start (previous, next)
|   0|0x0000000701800000, 0x0000000701800000, 0x0000000701900000|  0%| F|  |TAMS 0x0000000701800000, 0x0000000701800000| Untracked 
|   1|0x0000000701900000, 0x0000000701900000, 0x0000000701a00000|  0%| F|  |TAMS 0x0000000701900000, 0x0000000701900000| Untracked 
|   2|0x0000000701a00000, 0x0000000701a00000, 0x0000000701b00000|  0%| F|  |TAMS 0x0000000701a00000, 0x0000000701a00000| Untracked 
|   3|0x0000000701b00000, 0x0000000701b00000, 0x0000000701c00000|  0%| F|  |TAMS 0x0000000701b00000, 0x0000000701b00000| Untracked 
|   4|0x0000000701c00000, 0x0000000701c00000, 0x0000000701d00000|  0%| F|  |TAMS 0x0000000701c00000, 0x0000000701c00000| Untracked 
|   5|0x0000000701d00000, 0x0000000701d00000, 0x0000000701e00000|  0%| F|  |TAMS 0x0000000701d00000, 0x0000000701d00000| Untracked 
|   6|0x0000000701e00000, 0x0000000701e00000, 0x0000000701f00000|  0%| F|  |TAMS 0x0000000701e00000, 0x0000000701e00000| Untracked 
|   7|0x0000000701f00000, 0x0000000701f00000, 0x0000000702000000|  0%| F|  |TAMS 0x0000000701f00000, 0x0000000701f00000| Untracked 
|   8|0x0000000702000000, 0x0000000702000000, 0x0000000702100000|  0%| F|  |TAMS 0x0000000702000000, 0x0000000702000000| Untracked 
|   9|0x0000000702100000, 0x0000000702100000, 0x0000000702200000|  0%| F|  |TAMS 0x0000000702100000, 0x0000000702100000| Untracked 
|  10|0x0000000702200000, 0x0000000702200000, 0x0000000702300000|  0%| F|  |TAMS 0x0000000702200000, 0x0000000702200000| Untracked 
|  11|0x0000000702300000, 0x0000000702300000, 0x0000000702400000|  0%| F|  |TAMS 0x0000000702300000, 0x0000000702300000| Untracked 
|  12|0x0000000702400000, 0x0000000702400000, 0x0000000702500000|  0%| F|  |TAMS 0x0000000702400000, 0x0000000702400000| Untracked 
|  13|0x0000000702500000, 0x0000000702500000, 0x0000000702600000|  0%| F|  |TAMS 0x0000000702500000, 0x0000000702500000| Untracked 
|  14|0x0000000702600000, 0x0000000702600000, 0x0000000702700000|  0%| F|  |TAMS 0x0000000702600000, 0x0000000702600000| Untracked 
|  15|0x0000000702700000, 0x0000000702700000, 0x0000000702800000|  0%| F|  |TAMS 0x0000000702700000, 0x0000000702700000| Untracked 
|  16|0x0000000702800000, 0x0000000702800000, 0x0000000702900000|  0%| F|  |TAMS 0x0000000702800000, 0x0000000702800000| Untracked 
|  17|0x0000000702900000, 0x0000000702900000, 0x0000000702a00000|  0%| F|  |TAMS 0x0000000702900000, 0x0000000702900000| Untracked 
|  18|0x0000000702a00000, 0x0000000702a00000, 0x0000000702b00000|  0%| F|  |TAMS 0x0000000702a00000, 0x0000000702a00000| Untracked 
|  19|0x0000000702b00000, 0x0000000702b00000, 0x0000000702c00000|  0%| F|  |TAMS 0x0000000702b00000, 0x0000000702b00000| Untracked 
|  20|0x0000000702c00000, 0x0000000702c00000, 0x0000000702d00000|  0%| F|  |TAMS 0x0000000702c00000, 0x0000000702c00000| Untracked 
|  21|0x0000000702d00000, 0x0000000702d00000, 0x0000000702e00000|  0%| F|  |TAMS 0x0000000702d00000, 0x0000000702d00000| Untracked 
|  22|0x0000000702e00000, 0x0000000702e00000, 0x0000000702f00000|  0%| F|  |TAMS 0x0000000702e00000, 0x0000000702e00000| Untracked 
|  23|0x0000000702f00000, 0x0000000702f00000, 0x0000000703000000|  0%| F|  |TAMS 0x0000000702f00000, 0x0000000702f00000| Untracked 
|  24|0x0000000703000000, 0x0000000703000000, 0x0000000703100000|  0%| F|  |TAMS 0x0000000703000000, 0x0000000703000000| Untracked 
|  25|0x0000000703100000, 0x0000000703100000, 0x0000000703200000|  0%| F|  |TAMS 0x0000000703100000, 0x0000000703100000| Untracked 
|  26|0x0000000703200000, 0x0000000703200000, 0x0000000703300000|  0%| F|  |TAMS 0x0000000703200000, 0x0000000703200000| Untracked 
|  27|0x0000000703300000, 0x0000000703300000, 0x0000000703400000|  0%| F|  |TAMS 0x0000000703300000, 0x0000000703300000| Untracked 
|  28|0x0000000703400000, 0x0000000703400000, 0x0000000703500000|  0%| F|  |TAMS 0x0000000703400000, 0x0000000703400000| Untracked 
|  29|0x0000000703500000, 0x0000000703500000, 0x0000000703600000|  0%| F|  |TAMS 0x0000000703500000, 0x0000000703500000| Untracked 
|  30|0x0000000703600000, 0x0000000703600000, 0x0000000703700000|  0%| F|  |TAMS 0x0000000703600000, 0x0000000703600000| Untracked 
|  31|0x0000000703700000, 0x0000000703700000, 0x0000000703800000|  0%| F|  |TAMS 0x0000000703700000, 0x0000000703700000| Untracked 
|  32|0x0000000703800000, 0x0000000703800000, 0x0000000703900000|  0%| F|  |TAMS 0x0000000703800000, 0x0000000703800000| Untracked 
|  33|0x0000000703900000, 0x0000000703900000, 0x0000000703a00000|  0%| F|  |TAMS 0x0000000703900000, 0x0000000703900000| Untracked 
|  34|0x0000000703a00000, 0x0000000703a00000, 0x0000000703b00000|  0%| F|  |TAMS 0x0000000703a00000, 0x0000000703a00000| Untracked 
|  35|0x0000000703b00000, 0x0000000703b00000, 0x0000000703c00000|  0%| F|  |TAMS 0x0000000703b00000, 0x0000000703b00000| Untracked 
|  36|0x0000000703c00000, 0x0000000703c00000, 0x0000000703d00000|  0%| F|  |TAMS 0x0000000703c00000, 0x0000000703c00000| Untracked 
|  37|0x0000000703d00000, 0x0000000703d00000, 0x0000000703e00000|  0%| F|  |TAMS 0x0000000703d00000, 0x0000000703d00000| Untracked 
|  38|0x0000000703e00000, 0x0000000703e00000, 0x0000000703f00000|  0%| F|  |TAMS 0x0000000703e00000, 0x0000000703e00000| Untracked 
|  39|0x0000000703f00000, 0x0000000703f00000, 0x0000000704000000|  0%| F|  |TAMS 0x0000000703f00000, 0x0000000703f00000| Untracked 
|  40|0x0000000704000000, 0x0000000704000000, 0x0000000704100000|  0%| F|  |TAMS 0x0000000704000000, 0x0000000704000000| Untracked 
|  41|0x0000000704100000, 0x0000000704100000, 0x0000000704200000|  0%| F|  |TAMS 0x0000000704100000, 0x0000000704100000| Untracked 
|  42|0x0000000704200000, 0x0000000704200000, 0x0000000704300000|  0%| F|  |TAMS 0x0000000704200000, 0x0000000704200000| Untracked 
|  43|0x0000000704300000, 0x0000000704300000, 0x0000000704400000|  0%| F|  |TAMS 0x0000000704300000, 0x0000000704300000| Untracked 
|  44|0x0000000704400000, 0x0000000704400000, 0x0000000704500000|  0%| F|  |TAMS 0x0000000704400000, 0x0000000704400000| Untracked 
|  45|0x0000000704500000, 0x0000000704500000, 0x0000000704600000|  0%| F|  |TAMS 0x0000000704500000, 0x0000000704500000| Untracked 
|  46|0x0000000704600000, 0x0000000704600000, 0x0000000704700000|  0%| F|  |TAMS 0x0000000704600000, 0x0000000704600000| Untracked 
|  47|0x0000000704700000, 0x0000000704700000, 0x0000000704800000|  0%| F|  |TAMS 0x0000000704700000, 0x0000000704700000| Untracked 
|  48|0x0000000704800000, 0x0000000704800000, 0x0000000704900000|  0%| F|  |TAMS 0x0000000704800000, 0x0000000704800000| Untracked 
|  49|0x0000000704900000, 0x0000000704900000, 0x0000000704a00000|  0%| F|  |TAMS 0x0000000704900000, 0x0000000704900000| Untracked 
|  50|0x0000000704a00000, 0x0000000704a00000, 0x0000000704b00000|  0%| F|  |TAMS 0x0000000704a00000, 0x0000000704a00000| Untracked 
|  51|0x0000000704b00000, 0x0000000704b00000, 0x0000000704c00000|  0%| F|  |TAMS 0x0000000704b00000, 0x0000000704b00000| Untracked 
|  52|0x0000000704c00000, 0x0000000704c00000, 0x0000000704d00000|  0%| F|  |TAMS 0x0000000704c00000, 0x0000000704c00000| Untracked 
|  53|0x0000000704d00000, 0x0000000704d00000, 0x0000000704e00000|  0%| F|  |TAMS 0x0000000704d00000, 0x0000000704d00000| Untracked 
|  54|0x0000000704e00000, 0x0000000704e00000, 0x0000000704f00000|  0%| F|  |TAMS 0x0000000704e00000, 0x0000000704e00000| Untracked 
|  55|0x0000000704f00000, 0x0000000704f00000, 0x0000000705000000|  0%| F|  |TAMS 0x0000000704f00000, 0x0000000704f00000| Untracked 
|  56|0x0000000705000000, 0x0000000705000000, 0x0000000705100000|  0%| F|  |TAMS 0x0000000705000000, 0x0000000705000000| Untracked 
|  57|0x0000000705100000, 0x0000000705100000, 0x0000000705200000|  0%| F|  |TAMS 0x0000000705100000, 0x0000000705100000| Untracked 
|  58|0x0000000705200000, 0x0000000705200000, 0x0000000705300000|  0%| F|  |TAMS 0x0000000705200000, 0x0000000705200000| Untracked 
|  59|0x0000000705300000, 0x0000000705300000, 0x0000000705400000|  0%| F|  |TAMS 0x0000000705300000, 0x0000000705300000| Untracked 
|  60|0x0000000705400000, 0x0000000705400000, 0x0000000705500000|  0%| F|  |TAMS 0x0000000705400000, 0x0000000705400000| Untracked 
|  61|0x0000000705500000, 0x0000000705500000, 0x0000000705600000|  0%| F|  |TAMS 0x0000000705500000, 0x0000000705500000| Untracked 
|  62|0x0000000705600000, 0x0000000705600000, 0x0000000705700000|  0%| F|  |TAMS 0x0000000705600000, 0x0000000705600000| Untracked 
|  63|0x0000000705700000, 0x0000000705700000, 0x0000000705800000|  0%| F|  |TAMS 0x0000000705700000, 0x0000000705700000| Untracked 
|  64|0x0000000705800000, 0x0000000705800000, 0x0000000705900000|  0%| F|  |TAMS 0x0000000705800000, 0x0000000705800000| Untracked 
|  65|0x0000000705900000, 0x0000000705900000, 0x0000000705a00000|  0%| F|  |TAMS 0x0000000705900000, 0x0000000705900000| Untracked 
|  66|0x0000000705a00000, 0x0000000705a00000, 0x0000000705b00000|  0%| F|  |TAMS 0x0000000705a00000, 0x0000000705a00000| Untracked 
|  67|0x0000000705b00000, 0x0000000705b00000, 0x0000000705c00000|  0%| F|  |TAMS 0x0000000705b00000, 0x0000000705b00000| Untracked 
|  68|0x0000000705c00000, 0x0000000705c00000, 0x0000000705d00000|  0%| F|  |TAMS 0x0000000705c00000, 0x0000000705c00000| Untracked 
|  69|0x0000000705d00000, 0x0000000705d00000, 0x0000000705e00000|  0%| F|  |TAMS 0x0000000705d00000, 0x0000000705d00000| Untracked 
|  70|0x0000000705e00000, 0x0000000705e00000, 0x0000000705f00000|  0%| F|  |TAMS 0x0000000705e00000, 0x0000000705e00000| Untracked 
|  71|0x0000000705f00000, 0x0000000705f00000, 0x0000000706000000|  0%| F|  |TAMS 0x0000000705f00000, 0x0000000705f00000| Untracked 
|  72|0x0000000706000000, 0x0000000706000000, 0x0000000706100000|  0%| F|  |TAMS 0x0000000706000000, 0x0000000706000000| Untracked 
|  73|0x0000000706100000, 0x0000000706100000, 0x0000000706200000|  0%| F|  |TAMS 0x0000000706100000, 0x0000000706100000| Untracked 
|  74|0x0000000706200000, 0x0000000706200000, 0x0000000706300000|  0%| F|  |TAMS 0x0000000706200000, 0x0000000706200000| Untracked 
|  75|0x0000000706300000, 0x0000000706300000, 0x0000000706400000|  0%| F|  |TAMS 0x0000000706300000, 0x0000000706300000| Untracked 
|  76|0x0000000706400000, 0x0000000706400000, 0x0000000706500000|  0%| F|  |TAMS 0x0000000706400000, 0x0000000706400000| Untracked 
|  77|0x0000000706500000, 0x0000000706500000, 0x0000000706600000|  0%| F|  |TAMS 0x0000000706500000, 0x0000000706500000| Untracked 
|  78|0x0000000706600000, 0x0000000706600000, 0x0000000706700000|  0%| F|  |TAMS 0x0000000706600000, 0x0000000706600000| Untracked 
|  79|0x0000000706700000, 0x0000000706700000, 0x0000000706800000|  0%| F|  |TAMS 0x0000000706700000, 0x0000000706700000| Untracked 
|  80|0x0000000706800000, 0x0000000706800000, 0x0000000706900000|  0%| F|  |TAMS 0x0000000706800000, 0x0000000706800000| Untracked 
|  81|0x0000000706900000, 0x0000000706900000, 0x0000000706a00000|  0%| F|  |TAMS 0x0000000706900000, 0x0000000706900000| Untracked 
|  82|0x0000000706a00000, 0x0000000706a00000, 0x0000000706b00000|  0%| F|  |TAMS 0x0000000706a00000, 0x0000000706a00000| Untracked 
|  83|0x0000000706b00000, 0x0000000706b00000, 0x0000000706c00000|  0%| F|  |TAMS 0x0000000706b00000, 0x0000000706b00000| Untracked 
|  84|0x0000000706c00000, 0x0000000706c00000, 0x0000000706d00000|  0%| F|  |TAMS 0x0000000706c00000, 0x0000000706c00000| Untracked 
|  85|0x0000000706d00000, 0x0000000706d00000, 0x0000000706e00000|  0%| F|  |TAMS 0x0000000706d00000, 0x0000000706d00000| Untracked 
|  86|0x0000000706e00000, 0x0000000706e00000, 0x0000000706f00000|  0%| F|  |TAMS 0x0000000706e00000, 0x0000000706e00000| Untracked 
|  87|0x0000000706f00000, 0x0000000706f00000, 0x0000000707000000|  0%| F|  |TAMS 0x0000000706f00000, 0x0000000706f00000| Untracked 
|  88|0x0000000707000000, 0x0000000707000000, 0x0000000707100000|  0%| F|  |TAMS 0x0000000707000000, 0x0000000707000000| Untracked 
|  89|0x0000000707100000, 0x0000000707100000, 0x0000000707200000|  0%| F|  |TAMS 0x0000000707100000, 0x0000000707100000| Untracked 
|  90|0x0000000707200000, 0x0000000707200000, 0x0000000707300000|  0%| F|  |TAMS 0x0000000707200000, 0x0000000707200000| Untracked 
|  91|0x0000000707300000, 0x0000000707300000, 0x0000000707400000|  0%| F|  |TAMS 0x0000000707300000, 0x0000000707300000| Untracked 
|  92|0x0000000707400000, 0x0000000707400000, 0x0000000707500000|  0%| F|  |TAMS 0x0000000707400000, 0x0000000707400000| Untracked 
|  93|0x0000000707500000, 0x0000000707500000, 0x0000000707600000|  0%| F|  |TAMS 0x0000000707500000, 0x0000000707500000| Untracked 
|  94|0x0000000707600000, 0x0000000707600000, 0x0000000707700000|  0%| F|  |TAMS 0x0000000707600000, 0x0000000707600000| Untracked 
|  95|0x0000000707700000, 0x0000000707700000, 0x0000000707800000|  0%| F|  |TAMS 0x0000000707700000, 0x0000000707700000| Untracked 
|  96|0x0000000707800000, 0x0000000707800000, 0x0000000707900000|  0%| F|  |TAMS 0x0000000707800000, 0x0000000707800000| Untracked 
|  97|0x0000000707900000, 0x0000000707900000, 0x0000000707a00000|  0%| F|  |TAMS 0x0000000707900000, 0x0000000707900000| Untracked 
|  98|0x0000000707a00000, 0x0000000707a00000, 0x0000000707b00000|  0%| F|  |TAMS 0x0000000707a00000, 0x0000000707a00000| Untracked 
|  99|0x0000000707b00000, 0x0000000707b00000, 0x0000000707c00000|  0%| F|  |TAMS 0x0000000707b00000, 0x0000000707b00000| Untracked 
| 100|0x0000000707c00000, 0x0000000707c00000, 0x0000000707d00000|  0%| F|  |TAMS 0x0000000707c00000, 0x0000000707c00000| Untracked 
| 101|0x0000000707d00000, 0x0000000707d00000, 0x0000000707e00000|  0%| F|  |TAMS 0x0000000707d00000, 0x0000000707d00000| Untracked 
| 102|0x0000000707e00000, 0x0000000707e00000, 0x0000000707f00000|  0%| F|  |TAMS 0x0000000707e00000, 0x0000000707e00000| Untracked 
| 103|0x0000000707f00000, 0x0000000707f00000, 0x0000000708000000|  0%| F|  |TAMS 0x0000000707f00000, 0x0000000707f00000| Untracked 
| 104|0x0000000708000000, 0x0000000708000000, 0x0000000708100000|  0%| F|  |TAMS 0x0000000708000000, 0x0000000708000000| Untracked 
| 105|0x0000000708100000, 0x0000000708100000, 0x0000000708200000|  0%| F|  |TAMS 0x0000000708100000, 0x0000000708100000| Untracked 
| 106|0x0000000708200000, 0x0000000708200000, 0x0000000708300000|  0%| F|  |TAMS 0x0000000708200000, 0x0000000708200000| Untracked 
| 107|0x0000000708300000, 0x0000000708300000, 0x0000000708400000|  0%| F|  |TAMS 0x0000000708300000, 0x0000000708300000| Untracked 
| 108|0x0000000708400000, 0x0000000708400000, 0x0000000708500000|  0%| F|  |TAMS 0x0000000708400000, 0x0000000708400000| Untracked 
| 109|0x0000000708500000, 0x0000000708500000, 0x0000000708600000|  0%| F|  |TAMS 0x0000000708500000, 0x0000000708500000| Untracked 
| 110|0x0000000708600000, 0x0000000708600000, 0x0000000708700000|  0%| F|  |TAMS 0x0000000708600000, 0x0000000708600000| Untracked 
| 111|0x0000000708700000, 0x0000000708700000, 0x0000000708800000|  0%| F|  |TAMS 0x0000000708700000, 0x0000000708700000| Untracked 
| 112|0x0000000708800000, 0x0000000708800000, 0x0000000708900000|  0%| F|  |TAMS 0x0000000708800000, 0x0000000708800000| Untracked 
| 113|0x0000000708900000, 0x0000000708900000, 0x0000000708a00000|  0%| F|  |TAMS 0x0000000708900000, 0x0000000708900000| Untracked 
| 114|0x0000000708a00000, 0x0000000708a00000, 0x0000000708b00000|  0%| F|  |TAMS 0x0000000708a00000, 0x0000000708a00000| Untracked 
| 115|0x0000000708b00000, 0x0000000708b00000, 0x0000000708c00000|  0%| F|  |TAMS 0x0000000708b00000, 0x0000000708b00000| Untracked 
| 116|0x0000000708c00000, 0x0000000708c00000, 0x0000000708d00000|  0%| F|  |TAMS 0x0000000708c00000, 0x0000000708c00000| Untracked 
| 117|0x0000000708d00000, 0x0000000708d00000, 0x0000000708e00000|  0%| F|  |TAMS 0x0000000708d00000, 0x0000000708d00000| Untracked 
| 118|0x0000000708e00000, 0x0000000708e00000, 0x0000000708f00000|  0%| F|  |TAMS 0x0000000708e00000, 0x0000000708e00000| Untracked 
| 119|0x0000000708f00000, 0x0000000708f00000, 0x0000000709000000|  0%| F|  |TAMS 0x0000000708f00000, 0x0000000708f00000| Untracked 
| 120|0x0000000709000000, 0x0000000709000000, 0x0000000709100000|  0%| F|  |TAMS 0x0000000709000000, 0x0000000709000000| Untracked 
| 121|0x0000000709100000, 0x0000000709100000, 0x0000000709200000|  0%| F|  |TAMS 0x0000000709100000, 0x0000000709100000| Untracked 
| 122|0x0000000709200000, 0x0000000709200000, 0x0000000709300000|  0%| F|  |TAMS 0x0000000709200000, 0x0000000709200000| Untracked 
| 123|0x0000000709300000, 0x0000000709300000, 0x0000000709400000|  0%| F|  |TAMS 0x0000000709300000, 0x0000000709300000| Untracked 
| 124|0x0000000709400000, 0x0000000709400000, 0x0000000709500000|  0%| F|  |TAMS 0x0000000709400000, 0x0000000709400000| Untracked 
| 125|0x0000000709500000, 0x0000000709500000, 0x0000000709600000|  0%| F|  |TAMS 0x0000000709500000, 0x0000000709500000| Untracked 
| 126|0x0000000709600000, 0x0000000709600000, 0x0000000709700000|  0%| F|  |TAMS 0x0000000709600000, 0x0000000709600000| Untracked 
| 127|0x0000000709700000, 0x0000000709700000, 0x0000000709800000|  0%| F|  |TAMS 0x0000000709700000, 0x0000000709700000| Untracked 
| 128|0x0000000709800000, 0x0000000709800000, 0x0000000709900000|  0%| F|  |TAMS 0x0000000709800000, 0x0000000709800000| Untracked 
| 129|0x0000000709900000, 0x0000000709900000, 0x0000000709a00000|  0%| F|  |TAMS 0x0000000709900000, 0x0000000709900000| Untracked 
| 130|0x0000000709a00000, 0x0000000709a00000, 0x0000000709b00000|  0%| F|  |TAMS 0x0000000709a00000, 0x0000000709a00000| Untracked 
| 131|0x0000000709b00000, 0x0000000709b00000, 0x0000000709c00000|  0%| F|  |TAMS 0x0000000709b00000, 0x0000000709b00000| Untracked 
| 132|0x0000000709c00000, 0x0000000709c00000, 0x0000000709d00000|  0%| F|  |TAMS 0x0000000709c00000, 0x0000000709c00000| Untracked 
| 133|0x0000000709d00000, 0x0000000709d00000, 0x0000000709e00000|  0%| F|  |TAMS 0x0000000709d00000, 0x0000000709d00000| Untracked 
| 134|0x0000000709e00000, 0x0000000709e00000, 0x0000000709f00000|  0%| F|  |TAMS 0x0000000709e00000, 0x0000000709e00000| Untracked 
| 135|0x0000000709f00000, 0x0000000709f00000, 0x000000070a000000|  0%| F|  |TAMS 0x0000000709f00000, 0x0000000709f00000| Untracked 
| 136|0x000000070a000000, 0x000000070a000000, 0x000000070a100000|  0%| F|  |TAMS 0x000000070a000000, 0x000000070a000000| Untracked 
| 137|0x000000070a100000, 0x000000070a100000, 0x000000070a200000|  0%| F|  |TAMS 0x000000070a100000, 0x000000070a100000| Untracked 
| 138|0x000000070a200000, 0x000000070a200000, 0x000000070a300000|  0%| F|  |TAMS 0x000000070a200000, 0x000000070a200000| Untracked 
| 139|0x000000070a300000, 0x000000070a300000, 0x000000070a400000|  0%| F|  |TAMS 0x000000070a300000, 0x000000070a300000| Untracked 
| 140|0x000000070a400000, 0x000000070a400000, 0x000000070a500000|  0%| F|  |TAMS 0x000000070a400000, 0x000000070a400000| Untracked 
| 141|0x000000070a500000, 0x000000070a500000, 0x000000070a600000|  0%| F|  |TAMS 0x000000070a500000, 0x000000070a500000| Untracked 
| 142|0x000000070a600000, 0x000000070a600000, 0x000000070a700000|  0%| F|  |TAMS 0x000000070a600000, 0x000000070a600000| Untracked 
| 143|0x000000070a700000, 0x000000070a700000, 0x000000070a800000|  0%| F|  |TAMS 0x000000070a700000, 0x000000070a700000| Untracked 
| 144|0x000000070a800000, 0x000000070a800000, 0x000000070a900000|  0%| F|  |TAMS 0x000000070a800000, 0x000000070a800000| Untracked 
| 145|0x000000070a900000, 0x000000070a900000, 0x000000070aa00000|  0%| F|  |TAMS 0x000000070a900000, 0x000000070a900000| Untracked 
| 146|0x000000070aa00000, 0x000000070aa00000, 0x000000070ab00000|  0%| F|  |TAMS 0x000000070aa00000, 0x000000070aa00000| Untracked 
| 147|0x000000070ab00000, 0x000000070ab00000, 0x000000070ac00000|  0%| F|  |TAMS 0x000000070ab00000, 0x000000070ab00000| Untracked 
| 148|0x000000070ac00000, 0x000000070ac00000, 0x000000070ad00000|  0%| F|  |TAMS 0x000000070ac00000, 0x000000070ac00000| Untracked 
| 149|0x000000070ad00000, 0x000000070ad00000, 0x000000070ae00000|  0%| F|  |TAMS 0x000000070ad00000, 0x000000070ad00000| Untracked 
| 150|0x000000070ae00000, 0x000000070ae00000, 0x000000070af00000|  0%| F|  |TAMS 0x000000070ae00000, 0x000000070ae00000| Untracked 
| 151|0x000000070af00000, 0x000000070af00000, 0x000000070b000000|  0%| F|  |TAMS 0x000000070af00000, 0x000000070af00000| Untracked 
| 152|0x000000070b000000, 0x000000070b000000, 0x000000070b100000|  0%| F|  |TAMS 0x000000070b000000, 0x000000070b000000| Untracked 
| 153|0x000000070b100000, 0x000000070b100000, 0x000000070b200000|  0%| F|  |TAMS 0x000000070b100000, 0x000000070b100000| Untracked 
| 154|0x000000070b200000, 0x000000070b200000, 0x000000070b300000|  0%| F|  |TAMS 0x000000070b200000, 0x000000070b200000| Untracked 
| 155|0x000000070b300000, 0x000000070b300000, 0x000000070b400000|  0%| F|  |TAMS 0x000000070b300000, 0x000000070b300000| Untracked 
| 156|0x000000070b400000, 0x000000070b400000, 0x000000070b500000|  0%| F|  |TAMS 0x000000070b400000, 0x000000070b400000| Untracked 
| 157|0x000000070b500000, 0x000000070b500000, 0x000000070b600000|  0%| F|  |TAMS 0x000000070b500000, 0x000000070b500000| Untracked 
| 158|0x000000070b600000, 0x000000070b600000, 0x000000070b700000|  0%| F|  |TAMS 0x000000070b600000, 0x000000070b600000| Untracked 
| 159|0x000000070b700000, 0x000000070b700000, 0x000000070b800000|  0%| F|  |TAMS 0x000000070b700000, 0x000000070b700000| Untracked 
| 160|0x000000070b800000, 0x000000070b800000, 0x000000070b900000|  0%| F|  |TAMS 0x000000070b800000, 0x000000070b800000| Untracked 
| 161|0x000000070b900000, 0x000000070b900000, 0x000000070ba00000|  0%| F|  |TAMS 0x000000070b900000, 0x000000070b900000| Untracked 
| 162|0x000000070ba00000, 0x000000070ba00000, 0x000000070bb00000|  0%| F|  |TAMS 0x000000070ba00000, 0x000000070ba00000| Untracked 
| 163|0x000000070bb00000, 0x000000070bb00000, 0x000000070bc00000|  0%| F|  |TAMS 0x000000070bb00000, 0x000000070bb00000| Untracked 
| 164|0x000000070bc00000, 0x000000070bc00000, 0x000000070bd00000|  0%| F|  |TAMS 0x000000070bc00000, 0x000000070bc00000| Untracked 
| 165|0x000000070bd00000, 0x000000070bd00000, 0x000000070be00000|  0%| F|  |TAMS 0x000000070bd00000, 0x000000070bd00000| Untracked 
| 166|0x000000070be00000, 0x000000070be00000, 0x000000070bf00000|  0%| F|  |TAMS 0x000000070be00000, 0x000000070be00000| Untracked 
| 167|0x000000070bf00000, 0x000000070bf00000, 0x000000070c000000|  0%| F|  |TAMS 0x000000070bf00000, 0x000000070bf00000| Untracked 
| 168|0x000000070c000000, 0x000000070c000000, 0x000000070c100000|  0%| F|  |TAMS 0x000000070c000000, 0x000000070c000000| Untracked 
| 169|0x000000070c100000, 0x000000070c100000, 0x000000070c200000|  0%| F|  |TAMS 0x000000070c100000, 0x000000070c100000| Untracked 
| 170|0x000000070c200000, 0x000000070c200000, 0x000000070c300000|  0%| F|  |TAMS 0x000000070c200000, 0x000000070c200000| Untracked 
| 171|0x000000070c300000, 0x000000070c300000, 0x000000070c400000|  0%| F|  |TAMS 0x000000070c300000, 0x000000070c300000| Untracked 
| 172|0x000000070c400000, 0x000000070c400000, 0x000000070c500000|  0%| F|  |TAMS 0x000000070c400000, 0x000000070c400000| Untracked 
| 173|0x000000070c500000, 0x000000070c500000, 0x000000070c600000|  0%| F|  |TAMS 0x000000070c500000, 0x000000070c500000| Untracked 
| 174|0x000000070c600000, 0x000000070c600000, 0x000000070c700000|  0%| F|  |TAMS 0x000000070c600000, 0x000000070c600000| Untracked 
| 175|0x000000070c700000, 0x000000070c700000, 0x000000070c800000|  0%| F|  |TAMS 0x000000070c700000, 0x000000070c700000| Untracked 
| 176|0x000000070c800000, 0x000000070c800000, 0x000000070c900000|  0%| F|  |TAMS 0x000000070c800000, 0x000000070c800000| Untracked 
| 177|0x000000070c900000, 0x000000070c900000, 0x000000070ca00000|  0%| F|  |TAMS 0x000000070c900000, 0x000000070c900000| Untracked 
| 178|0x000000070ca00000, 0x000000070ca00000, 0x000000070cb00000|  0%| F|  |TAMS 0x000000070ca00000, 0x000000070ca00000| Untracked 
| 179|0x000000070cb00000, 0x000000070cb00000, 0x000000070cc00000|  0%| F|  |TAMS 0x000000070cb00000, 0x000000070cb00000| Untracked 
| 180|0x000000070cc00000, 0x000000070cc00000, 0x000000070cd00000|  0%| F|  |TAMS 0x000000070cc00000, 0x000000070cc00000| Untracked 
| 181|0x000000070cd00000, 0x000000070cd00000, 0x000000070ce00000|  0%| F|  |TAMS 0x000000070cd00000, 0x000000070cd00000| Untracked 
| 182|0x000000070ce00000, 0x000000070ce00000, 0x000000070cf00000|  0%| F|  |TAMS 0x000000070ce00000, 0x000000070ce00000| Untracked 
| 183|0x000000070cf00000, 0x000000070cf00000, 0x000000070d000000|  0%| F|  |TAMS 0x000000070cf00000, 0x000000070cf00000| Untracked 
| 184|0x000000070d000000, 0x000000070d000000, 0x000000070d100000|  0%| F|  |TAMS 0x000000070d000000, 0x000000070d000000| Untracked 
| 185|0x000000070d100000, 0x000000070d100000, 0x000000070d200000|  0%| F|  |TAMS 0x000000070d100000, 0x000000070d100000| Untracked 
| 186|0x000000070d200000, 0x000000070d200000, 0x000000070d300000|  0%| F|  |TAMS 0x000000070d200000, 0x000000070d200000| Untracked 
| 187|0x000000070d300000, 0x000000070d300000, 0x000000070d400000|  0%| F|  |TAMS 0x000000070d300000, 0x000000070d300000| Untracked 
| 188|0x000000070d400000, 0x000000070d400000, 0x000000070d500000|  0%| F|  |TAMS 0x000000070d400000, 0x000000070d400000| Untracked 
| 189|0x000000070d500000, 0x000000070d500000, 0x000000070d600000|  0%| F|  |TAMS 0x000000070d500000, 0x000000070d500000| Untracked 
| 190|0x000000070d600000, 0x000000070d600000, 0x000000070d700000|  0%| F|  |TAMS 0x000000070d600000, 0x000000070d600000| Untracked 
| 191|0x000000070d700000, 0x000000070d700000, 0x000000070d800000|  0%| F|  |TAMS 0x000000070d700000, 0x000000070d700000| Untracked 
| 192|0x000000070d800000, 0x000000070d800000, 0x000000070d900000|  0%| F|  |TAMS 0x000000070d800000, 0x000000070d800000| Untracked 
| 193|0x000000070d900000, 0x000000070d900000, 0x000000070da00000|  0%| F|  |TAMS 0x000000070d900000, 0x000000070d900000| Untracked 
| 194|0x000000070da00000, 0x000000070da00000, 0x000000070db00000|  0%| F|  |TAMS 0x000000070da00000, 0x000000070da00000| Untracked 
| 195|0x000000070db00000, 0x000000070db00000, 0x000000070dc00000|  0%| F|  |TAMS 0x000000070db00000, 0x000000070db00000| Untracked 
| 196|0x000000070dc00000, 0x000000070dc00000, 0x000000070dd00000|  0%| F|  |TAMS 0x000000070dc00000, 0x000000070dc00000| Untracked 
| 197|0x000000070dd00000, 0x000000070dd00000, 0x000000070de00000|  0%| F|  |TAMS 0x000000070dd00000, 0x000000070dd00000| Untracked 
| 198|0x000000070de00000, 0x000000070de00000, 0x000000070df00000|  0%| F|  |TAMS 0x000000070de00000, 0x000000070de00000| Untracked 
| 199|0x000000070df00000, 0x000000070df00000, 0x000000070e000000|  0%| F|  |TAMS 0x000000070df00000, 0x000000070df00000| Untracked 
| 200|0x000000070e000000, 0x000000070e000000, 0x000000070e100000|  0%| F|  |TAMS 0x000000070e000000, 0x000000070e000000| Untracked 
| 201|0x000000070e100000, 0x000000070e100000, 0x000000070e200000|  0%| F|  |TAMS 0x000000070e100000, 0x000000070e100000| Untracked 
| 202|0x000000070e200000, 0x000000070e200000, 0x000000070e300000|  0%| F|  |TAMS 0x000000070e200000, 0x000000070e200000| Untracked 
| 203|0x000000070e300000, 0x000000070e300000, 0x000000070e400000|  0%| F|  |TAMS 0x000000070e300000, 0x000000070e300000| Untracked 
| 204|0x000000070e400000, 0x000000070e400000, 0x000000070e500000|  0%| F|  |TAMS 0x000000070e400000, 0x000000070e400000| Untracked 
| 205|0x000000070e500000, 0x000000070e500000, 0x000000070e600000|  0%| F|  |TAMS 0x000000070e500000, 0x000000070e500000| Untracked 
| 206|0x000000070e600000, 0x000000070e600000, 0x000000070e700000|  0%| F|  |TAMS 0x000000070e600000, 0x000000070e600000| Untracked 
| 207|0x000000070e700000, 0x000000070e700000, 0x000000070e800000|  0%| F|  |TAMS 0x000000070e700000, 0x000000070e700000| Untracked 
| 208|0x000000070e800000, 0x000000070e800000, 0x000000070e900000|  0%| F|  |TAMS 0x000000070e800000, 0x000000070e800000| Untracked 
| 209|0x000000070e900000, 0x000000070e900000, 0x000000070ea00000|  0%| F|  |TAMS 0x000000070e900000, 0x000000070e900000| Untracked 
| 210|0x000000070ea00000, 0x000000070ea00000, 0x000000070eb00000|  0%| F|  |TAMS 0x000000070ea00000, 0x000000070ea00000| Untracked 
| 211|0x000000070eb00000, 0x000000070eb00000, 0x000000070ec00000|  0%| F|  |TAMS 0x000000070eb00000, 0x000000070eb00000| Untracked 
| 212|0x000000070ec00000, 0x000000070ec00000, 0x000000070ed00000|  0%| F|  |TAMS 0x000000070ec00000, 0x000000070ec00000| Untracked 
| 213|0x000000070ed00000, 0x000000070ed00000, 0x000000070ee00000|  0%| F|  |TAMS 0x000000070ed00000, 0x000000070ed00000| Untracked 
| 214|0x000000070ee00000, 0x000000070ee00000, 0x000000070ef00000|  0%| F|  |TAMS 0x000000070ee00000, 0x000000070ee00000| Untracked 
| 215|0x000000070ef00000, 0x000000070ef00000, 0x000000070f000000|  0%| F|  |TAMS 0x000000070ef00000, 0x000000070ef00000| Untracked 
| 216|0x000000070f000000, 0x000000070f000000, 0x000000070f100000|  0%| F|  |TAMS 0x000000070f000000, 0x000000070f000000| Untracked 
| 217|0x000000070f100000, 0x000000070f100000, 0x000000070f200000|  0%| F|  |TAMS 0x000000070f100000, 0x000000070f100000| Untracked 
| 218|0x000000070f200000, 0x000000070f200000, 0x000000070f300000|  0%| F|  |TAMS 0x000000070f200000, 0x000000070f200000| Untracked 
| 219|0x000000070f300000, 0x000000070f300000, 0x000000070f400000|  0%| F|  |TAMS 0x000000070f300000, 0x000000070f300000| Untracked 
| 220|0x000000070f400000, 0x000000070f400000, 0x000000070f500000|  0%| F|  |TAMS 0x000000070f400000, 0x000000070f400000| Untracked 
| 221|0x000000070f500000, 0x000000070f500000, 0x000000070f600000|  0%| F|  |TAMS 0x000000070f500000, 0x000000070f500000| Untracked 
| 222|0x000000070f600000, 0x000000070f600000, 0x000000070f700000|  0%| F|  |TAMS 0x000000070f600000, 0x000000070f600000| Untracked 
| 223|0x000000070f700000, 0x000000070f700000, 0x000000070f800000|  0%| F|  |TAMS 0x000000070f700000, 0x000000070f700000| Untracked 
| 224|0x000000070f800000, 0x000000070f800000, 0x000000070f900000|  0%| F|  |TAMS 0x000000070f800000, 0x000000070f800000| Untracked 
| 225|0x000000070f900000, 0x000000070f900000, 0x000000070fa00000|  0%| F|  |TAMS 0x000000070f900000, 0x000000070f900000| Untracked 
| 226|0x000000070fa00000, 0x000000070fa00000, 0x000000070fb00000|  0%| F|  |TAMS 0x000000070fa00000, 0x000000070fa00000| Untracked 
| 227|0x000000070fb00000, 0x000000070fb00000, 0x000000070fc00000|  0%| F|  |TAMS 0x000000070fb00000, 0x000000070fb00000| Untracked 
| 228|0x000000070fc00000, 0x000000070fc00000, 0x000000070fd00000|  0%| F|  |TAMS 0x000000070fc00000, 0x000000070fc00000| Untracked 
| 229|0x000000070fd00000, 0x000000070fd00000, 0x000000070fe00000|  0%| F|  |TAMS 0x000000070fd00000, 0x000000070fd00000| Untracked 
| 230|0x000000070fe00000, 0x000000070fe00000, 0x000000070ff00000|  0%| F|  |TAMS 0x000000070fe00000, 0x000000070fe00000| Untracked 
| 231|0x000000070ff00000, 0x000000070ff00000, 0x0000000710000000|  0%| F|  |TAMS 0x000000070ff00000, 0x000000070ff00000| Untracked 
| 232|0x0000000710000000, 0x0000000710000000, 0x0000000710100000|  0%| F|  |TAMS 0x0000000710000000, 0x0000000710000000| Untracked 
| 233|0x0000000710100000, 0x0000000710100000, 0x0000000710200000|  0%| F|  |TAMS 0x0000000710100000, 0x0000000710100000| Untracked 
| 234|0x0000000710200000, 0x0000000710200000, 0x0000000710300000|  0%| F|  |TAMS 0x0000000710200000, 0x0000000710200000| Untracked 
| 235|0x0000000710300000, 0x0000000710300000, 0x0000000710400000|  0%| F|  |TAMS 0x0000000710300000, 0x0000000710300000| Untracked 
| 236|0x0000000710400000, 0x0000000710400000, 0x0000000710500000|  0%| F|  |TAMS 0x0000000710400000, 0x0000000710400000| Untracked 
| 237|0x0000000710500000, 0x0000000710500000, 0x0000000710600000|  0%| F|  |TAMS 0x0000000710500000, 0x0000000710500000| Untracked 
| 238|0x0000000710600000, 0x0000000710600000, 0x0000000710700000|  0%| F|  |TAMS 0x0000000710600000, 0x0000000710600000| Untracked 
| 239|0x0000000710700000, 0x0000000710700000, 0x0000000710800000|  0%| F|  |TAMS 0x0000000710700000, 0x0000000710700000| Untracked 
| 240|0x0000000710800000, 0x0000000710800000, 0x0000000710900000|  0%| F|  |TAMS 0x0000000710800000, 0x0000000710800000| Untracked 
| 241|0x0000000710900000, 0x0000000710900000, 0x0000000710a00000|  0%| F|  |TAMS 0x0000000710900000, 0x0000000710900000| Untracked 
| 242|0x0000000710a00000, 0x0000000710a93210, 0x0000000710b00000| 57%| E|  |TAMS 0x0000000710a00000, 0x0000000710a00000| Complete 
| 243|0x0000000710b00000, 0x0000000710c00000, 0x0000000710c00000|100%| E|CS|TAMS 0x0000000710b00000, 0x0000000710b00000| Complete 
| 244|0x0000000710c00000, 0x0000000710d00000, 0x0000000710d00000|100%| E|CS|TAMS 0x0000000710c00000, 0x0000000710c00000| Complete 
| 245|0x0000000710d00000, 0x0000000710e00000, 0x0000000710e00000|100%| E|CS|TAMS 0x0000000710d00000, 0x0000000710d00000| Complete 
| 246|0x0000000710e00000, 0x0000000710f00000, 0x0000000710f00000|100%| E|CS|TAMS 0x0000000710e00000, 0x0000000710e00000| Complete 
| 247|0x0000000710f00000, 0x0000000711000000, 0x0000000711000000|100%| E|CS|TAMS 0x0000000710f00000, 0x0000000710f00000| Complete 
| 248|0x0000000711000000, 0x0000000711100000, 0x0000000711100000|100%| E|  |TAMS 0x0000000711000000, 0x0000000711000000| Complete 
| 249|0x0000000711100000, 0x0000000711200000, 0x0000000711200000|100%| E|CS|TAMS 0x0000000711100000, 0x0000000711100000| Complete 
| 250|0x0000000711200000, 0x0000000711300000, 0x0000000711300000|100%| E|CS|TAMS 0x0000000711200000, 0x0000000711200000| Complete 
| 251|0x0000000711300000, 0x0000000711400000, 0x0000000711400000|100%| E|CS|TAMS 0x0000000711300000, 0x0000000711300000| Complete 
| 252|0x0000000711400000, 0x0000000711500000, 0x0000000711500000|100%| E|CS|TAMS 0x0000000711400000, 0x0000000711400000| Complete 
| 253|0x0000000711500000, 0x0000000711600000, 0x0000000711600000|100%| E|CS|TAMS 0x0000000711500000, 0x0000000711500000| Complete 
| 254|0x0000000711600000, 0x0000000711700000, 0x0000000711700000|100%| E|CS|TAMS 0x0000000711600000, 0x0000000711600000| Complete 
| 255|0x0000000711700000, 0x0000000711800000, 0x0000000711800000|100%| E|CS|TAMS 0x0000000711700000, 0x0000000711700000| Complete 

Card table byte_map: [0x00000243d10b0000,0x00000243d18b0000] _byte_map_base: 0x00000243cd8a4000

Marking Bits (Prev, Next): (CMBitMap*) 0x00000243b8bff4e8, (CMBitMap*) 0x00000243b8bff520
 Prev Bits: [0x00000243d20b0000, 0x00000243d6050000)
 Next Bits: [0x00000243d6050000, 0x00000243d9ff0000)

Polling page: 0x00000243b7360000

Metaspace:

Usage:
  Non-class:     10.86 MB capacity,    10.75 MB (>99%) used,    97.41 KB ( <1%) free+waste,    12.63 KB ( <1%) overhead. 
      Class:    870.00 KB capacity,   815.20 KB ( 94%) used,    50.12 KB (  6%) free+waste,     4.69 KB ( <1%) overhead. 
       Both:     11.71 MB capacity,    11.54 MB ( 99%) used,   147.53 KB (  1%) free+waste,    17.31 KB ( <1%) overhead. 

Virtual space:
  Non-class space:       12.00 MB reserved,      11.00 MB ( 92%) committed 
      Class space:        1.00 GB reserved,     896.00 KB ( <1%) committed 
             Both:        1.01 GB reserved,      11.88 MB (  1%) committed 

Chunk freelists:
   Non-Class:  84.00 KB
       Class:  26.00 KB
        Both:  110.00 KB

MaxMetaspaceSize: 17179869184.00 GB
CompressedClassSpaceSize: 1.00 GB

CodeHeap 'non-profiled nmethods': size=120064Kb used=182Kb max_used=182Kb free=119881Kb
 bounds [0x00000243c8d50000, 0x00000243c8fc0000, 0x00000243d0290000]
CodeHeap 'profiled nmethods': size=120000Kb used=1215Kb max_used=1215Kb free=118784Kb
 bounds [0x00000243c1820000, 0x00000243c1a90000, 0x00000243c8d50000]
CodeHeap 'non-nmethods': size=5696Kb used=1446Kb max_used=1454Kb free=4249Kb
 bounds [0x00000243c1290000, 0x00000243c1500000, 0x00000243c1820000]
 total_blobs=1668 nmethods=723 adapters=857
 compilation: enabled
              stopped_count=0, restarted_count=0
 full_count=0

Compilation events (20 events):
Event: 0.667 Thread 0x00000243dcfbe800  715       3       java.lang.AbstractStringBuilder::appendChars (133 bytes)
Event: 0.667 Thread 0x00000243dcfbe800 nmethod 715 0x00000243c1948210 code [0x00000243c1948420, 0x00000243c1948a58]
Event: 0.667 Thread 0x00000243dcfbe800  714       3       java.lang.AbstractStringBuilder::checkRange (60 bytes)
Event: 0.668 Thread 0x00000243dcfbe800 nmethod 714 0x00000243c1948d10 code [0x00000243c1948fe0, 0x00000243c1949b98]
Event: 0.669 Thread 0x00000243dcfbe800  716  s    3       jdk.internal.jimage.BasicImageReader::findLocation (115 bytes)
Event: 0.669 Thread 0x00000243dcfbe800 nmethod 716 0x00000243c194a010 code [0x00000243c194a340, 0x00000243c194b558]
Event: 0.670 Thread 0x00000243dcfbe800  717       3       jdk.internal.jimage.ImageStringsReader::get (9 bytes)
Event: 0.670 Thread 0x00000243dcfbe800 nmethod 717 0x00000243c194bb10 code [0x00000243c194bcc0, 0x00000243c194be88]
Event: 0.670 Thread 0x00000243dcfbe800  718       3       jdk.internal.jimage.BasicImageReader::getString (48 bytes)
Event: 0.670 Thread 0x00000243dcfbe800 nmethod 718 0x00000243c194bf90 code [0x00000243c194c200, 0x00000243c194cc98]
Event: 0.670 Thread 0x00000243dcfbe800  719       3       jdk.internal.jimage.ImageStringsReader::stringFromByteBuffer (28 bytes)
Event: 0.670 Thread 0x00000243dcfbe800 nmethod 719 0x00000243c194d010 code [0x00000243c194d200, 0x00000243c194d5f8]
Event: 0.670 Thread 0x00000243dcfbe800  720       3       jdk.internal.jimage.BasicImageReader::getAttributes (48 bytes)
Event: 0.670 Thread 0x00000243dcfbe800 nmethod 720 0x00000243c194d790 code [0x00000243c194d9a0, 0x00000243c194e0e8]
Event: 0.670 Thread 0x00000243dcfbe800  721       3       jdk.internal.jimage.ImageLocation::verify (50 bytes)
Event: 0.671 Thread 0x00000243dcfbe800 nmethod 721 0x00000243c194e310 code [0x00000243c194e560, 0x00000243c194ece8]
Event: 0.704 Thread 0x00000243dcfbe800  722       3       java.util.ArrayDeque::add (7 bytes)
Event: 0.705 Thread 0x00000243dcfbe800 nmethod 722 0x00000243c194f090 code [0x00000243c194f240, 0x00000243c194f388]
Event: 0.705 Thread 0x00000243dcfbe800  723       3       java.util.ArrayDeque::addLast (51 bytes)
Event: 0.705 Thread 0x00000243dcfbe800 nmethod 723 0x00000243c194f410 code [0x00000243c194f600, 0x00000243c194fad8]

GC Heap History (0 events):
No events

Deoptimization events (20 events):
Event: 0.448 Thread 0x00000243b8b9c800 DEOPT PACKING pc=0x00000243c8d6d080 sp=0x00000059384fedc0
Event: 0.448 Thread 0x00000243b8b9c800 DEOPT UNPACKING pc=0x00000243c12b7b2f sp=0x00000059384fed38 mode 2
Event: 0.490 Thread 0x00000243b8b9c800 DEOPT PACKING pc=0x00000243c189b342 sp=0x00000059384fdbf0
Event: 0.490 Thread 0x00000243b8b9c800 DEOPT UNPACKING pc=0x00000243c12b794e sp=0x00000059384fd058 mode 0
Event: 0.633 Thread 0x00000243b8b9c800 Uncommon trap: trap_request=0xffffff4d fr.pc=0x00000243c8d71508 relative=0x0000000000000448
Event: 0.633 Thread 0x00000243b8b9c800 Uncommon trap: reason=unstable_if action=reinterpret pc=0x00000243c8d71508 method=java.lang.AbstractStringBuilder.putStringAt(ILjava/lang/String;)V @ 8 c2
Event: 0.633 Thread 0x00000243b8b9c800 DEOPT PACKING pc=0x00000243c8d71508 sp=0x00000059384fece0
Event: 0.633 Thread 0x00000243b8b9c800 DEOPT UNPACKING pc=0x00000243c12b7b2f sp=0x00000059384febf8 mode 2
Event: 0.633 Thread 0x00000243b8b9c800 Uncommon trap: trap_request=0xffffff4d fr.pc=0x00000243c8d74124 relative=0x0000000000000464
Event: 0.633 Thread 0x00000243b8b9c800 Uncommon trap: reason=unstable_if action=reinterpret pc=0x00000243c8d74124 method=java.lang.AbstractStringBuilder.putStringAt(ILjava/lang/String;)V @ 8 c2
Event: 0.633 Thread 0x00000243b8b9c800 DEOPT PACKING pc=0x00000243c8d74124 sp=0x00000059384fec90
Event: 0.633 Thread 0x00000243b8b9c800 DEOPT UNPACKING pc=0x00000243c12b7b2f sp=0x00000059384fec00 mode 2
Event: 0.633 Thread 0x00000243b8b9c800 Uncommon trap: trap_request=0xffffff4d fr.pc=0x00000243c8d73970 relative=0x00000000000000d0
Event: 0.633 Thread 0x00000243b8b9c800 Uncommon trap: reason=unstable_if action=reinterpret pc=0x00000243c8d73970 method=java.lang.String.getBytes([BIB)V @ 5 c2
Event: 0.633 Thread 0x00000243b8b9c800 DEOPT PACKING pc=0x00000243c8d73970 sp=0x00000059384febb0
Event: 0.633 Thread 0x00000243b8b9c800 DEOPT UNPACKING pc=0x00000243c12b7b2f sp=0x00000059384feb78 mode 2
Event: 0.709 Thread 0x00000243b8b9c800 Uncommon trap: trap_request=0xffffff5c fr.pc=0x00000243c8d6ee78 relative=0x0000000000000058
Event: 0.709 Thread 0x00000243b8b9c800 Uncommon trap: reason=speculate_null_assert action=make_not_entrant pc=0x00000243c8d6ee78 method=sun.misc.Unsafe.getLong(Ljava/lang/Object;J)J @ 5 c2
Event: 0.709 Thread 0x00000243b8b9c800 DEOPT PACKING pc=0x00000243c8d6ee78 sp=0x00000059384fefa0
Event: 0.709 Thread 0x00000243b8b9c800 DEOPT UNPACKING pc=0x00000243c12b7b2f sp=0x00000059384fef28 mode 2

Classes redefined (0 events):
No events

Internal exceptions (13 events):
Event: 0.161 Thread 0x00000243b8b9c800 Exception <a 'java/lang/NoSuchMethodError'{0x0000000711572990}: 'void java.lang.invoke.DelegatingMethodHandle$Holder.delegate(java.lang.Object, java.lang.Object, int, java.lang.Object)'> (0x0000000711572990) thrown at [./src/hotspot/share/interpreter/linkResolver.cpp, line 773]
Event: 0.162 Thread 0x00000243b8b9c800 Exception <a 'java/lang/NoSuchMethodError'{0x0000000711579f90}: 'java.lang.Object java.lang.invoke.DirectMethodHandle$Holder.invokeStaticInit(java.lang.Object, java.lang.Object, java.lang.Object)'> (0x0000000711579f90) thrown at [./src/hotspot/share/interpreter/linkResolver.cpp, line 773]
Event: 0.206 Thread 0x00000243b8b9c800 Exception <a 'sun/nio/fs/WindowsException'{0x0000000711426320}> (0x0000000711426320) thrown at [./src/hotspot/share/prims/jni.cpp, line 615]
Event: 0.206 Thread 0x00000243b8b9c800 Exception <a 'sun/nio/fs/WindowsException'{0x0000000711426850}> (0x0000000711426850) thrown at [./src/hotspot/share/prims/jni.cpp, line 615]
Event: 0.242 Thread 0x00000243b8b9c800 Exception <a 'sun/nio/fs/WindowsException'{0x0000000711328880}> (0x0000000711328880) thrown at [./src/hotspot/share/prims/jni.cpp, line 615]
Event: 0.242 Thread 0x00000243b8b9c800 Exception <a 'sun/nio/fs/WindowsException'{0x0000000711328bd0}> (0x0000000711328bd0) thrown at [./src/hotspot/share/prims/jni.cpp, line 615]
Event: 0.401 Thread 0x00000243b8b9c800 Exception <a 'sun/nio/fs/WindowsException'{0x00000007113c1580}> (0x00000007113c1580) thrown at [./src/hotspot/share/prims/jni.cpp, line 615]
Event: 0.402 Thread 0x00000243b8b9c800 Exception <a 'sun/nio/fs/WindowsException'{0x00000007113c1908}> (0x00000007113c1908) thrown at [./src/hotspot/share/prims/jni.cpp, line 615]
Event: 0.406 Thread 0x00000243b8b9c800 Exception <a 'sun/nio/fs/WindowsException'{0x00000007113d56c8}> (0x00000007113d56c8) thrown at [./src/hotspot/share/prims/jni.cpp, line 615]
Event: 0.406 Thread 0x00000243b8b9c800 Exception <a 'sun/nio/fs/WindowsException'{0x00000007113d5988}> (0x00000007113d5988) thrown at [./src/hotspot/share/prims/jni.cpp, line 615]
Event: 0.617 Thread 0x00000243b8b9c800 Exception <a 'java/lang/NoSuchMethodError'{0x0000000710b68300}: 'int java.lang.invoke.DirectMethodHandle$Holder.invokeSpecialIFC(java.lang.Object, java.lang.Object, int)'> (0x0000000710b68300) thrown at [./src/hotspot/share/interpreter/linkResolver.cpp, line 773]
Event: 0.667 Thread 0x00000243b8b9c800 Exception <a 'sun/nio/fs/WindowsException'{0x0000000710a04a98}> (0x0000000710a04a98) thrown at [./src/hotspot/share/prims/jni.cpp, line 615]
Event: 0.667 Thread 0x00000243b8b9c800 Exception <a 'sun/nio/fs/WindowsException'{0x0000000710a04df8}> (0x0000000710a04df8) thrown at [./src/hotspot/share/prims/jni.cpp, line 615]

Events (20 events):
Event: 0.654 loading class org/joml/Vector3fc done
Event: 0.655 loading class com/snksynthesis/voxelgame/block/BlockType
Event: 0.655 loading class com/snksynthesis/voxelgame/block/BlockType done
Event: 0.655 loading class com/snksynthesis/voxelgame/gfx/Texture
Event: 0.655 loading class com/snksynthesis/voxelgame/gfx/Texture done
Event: 0.656 loading class org/lwjgl/stb/STBImage
Event: 0.656 loading class org/lwjgl/stb/STBImage done
Event: 0.658 loading class org/lwjgl/stb/LibSTB
Event: 0.658 loading class org/lwjgl/stb/LibSTB done
Event: 0.668 Loaded shared library C:\Users\SA\AppData\Local\Temp\lwjglSA\3.2.3-build-13\lwjgl_stb.dll
Event: 0.680 loading class org/lwjgl/opengl/GL30C
Event: 0.680 loading class org/lwjgl/opengl/GL30C done
Event: 0.682 loading class org/lwjgl/opengl/GL21C
Event: 0.682 loading class org/lwjgl/opengl/GL21C done
Event: 0.704 loading class org/joml/Vector3f
Event: 0.704 loading class org/joml/Vector3f done
Event: 0.705 loading class java/io/Externalizable
Event: 0.705 loading class java/io/Externalizable done
Event: 0.708 loading class com/snksynthesis/voxelgame/gfx/Mesh
Event: 0.708 loading class com/snksynthesis/voxelgame/gfx/Mesh done


Dynamic libraries:
0x00007ff648490000 - 0x00007ff64849d000 	C:\Program Files\AdoptOpenJDK\jdk-11.0.10.9-hotspot\bin\java.exe
0x00007ffdce870000 - 0x00007ffdcea65000 	C:\WINDOWS\SYSTEM32\ntdll.dll
0x00007ffdce770000 - 0x00007ffdce82d000 	C:\WINDOWS\System32\KERNEL32.DLL
0x00007ffdcbfb0000 - 0x00007ffdcc279000 	C:\WINDOWS\System32\KERNELBASE.dll
0x00007ffdcc530000 - 0x00007ffdcc630000 	C:\WINDOWS\System32\ucrtbase.dll
0x00007ffda6ae0000 - 0x00007ffda6af5000 	C:\Program Files\AdoptOpenJDK\jdk-11.0.10.9-hotspot\bin\VCRUNTIME140.dll
0x00007ffda6bf0000 - 0x00007ffda6c07000 	C:\Program Files\AdoptOpenJDK\jdk-11.0.10.9-hotspot\bin\jli.dll
0x00007ffdcd320000 - 0x00007ffdcd4c0000 	C:\WINDOWS\System32\USER32.dll
0x00007ffdcc320000 - 0x00007ffdcc342000 	C:\WINDOWS\System32\win32u.dll
0x00007ffdb6900000 - 0x00007ffdb6b9a000 	C:\WINDOWS\WinSxS\amd64_microsoft.windows.common-controls_6595b64144ccf1df_6.0.19041.844_none_ca00b6081b84eb1d\COMCTL32.dll
0x00007ffdcdcf0000 - 0x00007ffdcdd1a000 	C:\WINDOWS\System32\GDI32.dll
0x00007ffdcd610000 - 0x00007ffdcd6ae000 	C:\WINDOWS\System32\msvcrt.dll
0x00007ffdcc7c0000 - 0x00007ffdcc8cb000 	C:\WINDOWS\System32\gdi32full.dll
0x00007ffdcc280000 - 0x00007ffdcc31d000 	C:\WINDOWS\System32\msvcp_win.dll
0x00007ffdcd230000 - 0x00007ffdcd260000 	C:\WINDOWS\System32\IMM32.DLL
0x00007ffd86aa0000 - 0x00007ffd86b3b000 	C:\Program Files\AdoptOpenJDK\jdk-11.0.10.9-hotspot\bin\msvcp140.dll
0x00007ffd6e390000 - 0x00007ffd6eed3000 	C:\Program Files\AdoptOpenJDK\jdk-11.0.10.9-hotspot\bin\server\jvm.dll
0x00007ffdcd270000 - 0x00007ffdcd31c000 	C:\WINDOWS\System32\ADVAPI32.dll
0x00007ffdcd760000 - 0x00007ffdcd7fc000 	C:\WINDOWS\System32\sechost.dll
0x00007ffdcd9b0000 - 0x00007ffdcdadb000 	C:\WINDOWS\System32\RPCRT4.dll
0x00007ffdce390000 - 0x00007ffdce398000 	C:\WINDOWS\System32\PSAPI.DLL
0x00007ffdc6f00000 - 0x00007ffdc6f09000 	C:\WINDOWS\SYSTEM32\WSOCK32.dll
0x00007ffdc2c90000 - 0x00007ffdc2c9a000 	C:\WINDOWS\SYSTEM32\VERSION.dll
0x00007ffdbc770000 - 0x00007ffdbc797000 	C:\WINDOWS\SYSTEM32\WINMM.dll
0x00007ffdce3a0000 - 0x00007ffdce40b000 	C:\WINDOWS\System32\WS2_32.dll
0x00007ffdca850000 - 0x00007ffdca862000 	C:\WINDOWS\SYSTEM32\kernel.appcore.dll
0x00007ffdc61b0000 - 0x00007ffdc61c0000 	C:\Program Files\AdoptOpenJDK\jdk-11.0.10.9-hotspot\bin\verify.dll
0x00007ffdca640000 - 0x00007ffdca824000 	C:\WINDOWS\SYSTEM32\DBGHELP.DLL
0x00007ffdc17e0000 - 0x00007ffdc180c000 	C:\WINDOWS\SYSTEM32\dbgcore.DLL
0x00007ffdcc450000 - 0x00007ffdcc4d0000 	C:\WINDOWS\System32\bcryptPrimitives.dll
0x00007ffda6ab0000 - 0x00007ffda6ad8000 	C:\Program Files\AdoptOpenJDK\jdk-11.0.10.9-hotspot\bin\java.dll
0x00007ffdc5da0000 - 0x00007ffdc5daa000 	C:\Program Files\AdoptOpenJDK\jdk-11.0.10.9-hotspot\bin\jimage.dll
0x00007ffda6400000 - 0x00007ffda6417000 	C:\Program Files\AdoptOpenJDK\jdk-11.0.10.9-hotspot\bin\zip.dll
0x00007ffdcca80000 - 0x00007ffdcd1c2000 	C:\WINDOWS\System32\SHELL32.dll
0x00007ffdc9de0000 - 0x00007ffdca570000 	C:\WINDOWS\SYSTEM32\windows.storage.dll
0x00007ffdce410000 - 0x00007ffdce765000 	C:\WINDOWS\System32\combase.dll
0x00007ffdcba20000 - 0x00007ffdcba4c000 	C:\WINDOWS\SYSTEM32\Wldp.dll
0x00007ffdcd6b0000 - 0x00007ffdcd75e000 	C:\WINDOWS\System32\SHCORE.dll
0x00007ffdcdc90000 - 0x00007ffdcdce5000 	C:\WINDOWS\System32\shlwapi.dll
0x00007ffdcbef0000 - 0x00007ffdcbf0f000 	C:\WINDOWS\SYSTEM32\profapi.dll
0x00007ffda63e0000 - 0x00007ffda63f9000 	C:\Program Files\AdoptOpenJDK\jdk-11.0.10.9-hotspot\bin\net.dll
0x00007ffdbec70000 - 0x00007ffdbed7c000 	C:\WINDOWS\SYSTEM32\WINHTTP.dll
0x00007ffdcb780000 - 0x00007ffdcb7ea000 	C:\WINDOWS\system32\mswsock.dll
0x00007ffda5fa0000 - 0x00007ffda5fb2000 	C:\Program Files\AdoptOpenJDK\jdk-11.0.10.9-hotspot\bin\nio.dll
0x00007ffd83830000 - 0x00007ffd83894000 	C:\Users\SA\AppData\Local\Temp\lwjglSA\3.2.3-build-13\lwjgl.dll
0x00007ffd83280000 - 0x00007ffd832e2000 	C:\Users\SA\AppData\Local\Temp\lwjglSA\3.2.3-build-13\glfw.dll
0x00007ffdc95f0000 - 0x00007ffdc968e000 	C:\WINDOWS\system32\uxtheme.dll
0x00007ffd83350000 - 0x00007ffd83395000 	C:\WINDOWS\SYSTEM32\dinput8.dll
0x00007ffdc59d0000 - 0x00007ffdc59e1000 	C:\WINDOWS\SYSTEM32\xinput1_4.dll
0x00007ffdcc400000 - 0x00007ffdcc44e000 	C:\WINDOWS\System32\cfgmgr32.dll
0x00007ffdcbd60000 - 0x00007ffdcbd8c000 	C:\WINDOWS\SYSTEM32\DEVOBJ.dll
0x00007ffdc98a0000 - 0x00007ffdc98cf000 	C:\WINDOWS\SYSTEM32\dwmapi.dll
0x00007ffdb9760000 - 0x00007ffdb98b2000 	C:\WINDOWS\SYSTEM32\inputhost.dll
0x00007ffdcd800000 - 0x00007ffdcd8cd000 	C:\WINDOWS\System32\OLEAUT32.dll
0x00007ffdc91f0000 - 0x00007ffdc92e2000 	C:\WINDOWS\SYSTEM32\CoreMessaging.dll
0x00007ffdc7840000 - 0x00007ffdc7937000 	C:\WINDOWS\SYSTEM32\PROPSYS.dll
0x00007ffdc79a0000 - 0x00007ffdc7af4000 	C:\WINDOWS\SYSTEM32\wintypes.dll
0x00007ffdc89d0000 - 0x00007ffdc8d2e000 	C:\WINDOWS\SYSTEM32\CoreUIComponents.dll
0x00007ffdcacc0000 - 0x00007ffdcacf3000 	C:\WINDOWS\SYSTEM32\ntmarta.dll
0x00007ffdce210000 - 0x00007ffdce325000 	C:\WINDOWS\System32\MSCTF.dll
0x00007ffdca630000 - 0x00007ffdca63d000 	C:\WINDOWS\SYSTEM32\HID.DLL
0x00007ffdcdda0000 - 0x00007ffdce209000 	C:\WINDOWS\System32\SETUPAPI.DLL
0x00007ffdcc790000 - 0x00007ffdcc7b7000 	C:\WINDOWS\System32\bcrypt.dll
0x00007ffdcc4d0000 - 0x00007ffdcc530000 	C:\WINDOWS\System32\WINTRUST.dll
0x00007ffdcc630000 - 0x00007ffdcc78f000 	C:\WINDOWS\System32\CRYPT32.dll
0x00007ffdcbba0000 - 0x00007ffdcbbb2000 	C:\WINDOWS\SYSTEM32\MSASN1.dll
0x00007ffdb75e0000 - 0x00007ffdb7706000 	C:\WINDOWS\SYSTEM32\opengl32.dll
0x00007ffdc5e40000 - 0x00007ffdc5e6c000 	C:\WINDOWS\SYSTEM32\GLU32.dll
0x00007ffdcd4d0000 - 0x00007ffdcd579000 	C:\WINDOWS\System32\clbcatq.dll
0x00007ffd65f30000 - 0x00007ffd66e48000 	C:\WINDOWS\System32\DriverStore\FileRepository\igdlh64.inf_amd64_9c76e19aa26b9a09\ig9icd64.dll
0x00007ffdcdb40000 - 0x00007ffdcdc6a000 	C:\WINDOWS\System32\ole32.dll
0x00007ffdca8c0000 - 0x00007ffdca9b3000 	C:\WINDOWS\system32\dxgi.dll
0x00007ffdc2ca0000 - 0x00007ffdc2cdb000 	C:\WINDOWS\SYSTEM32\dxcore.dll
0x00007ffdbf1c0000 - 0x00007ffdc15f6000 	C:\WINDOWS\System32\DriverStore\FileRepository\igdlh64.inf_amd64_9c76e19aa26b9a09\igc64.dll
0x00007ffdcb580000 - 0x00007ffdcb5cb000 	C:\WINDOWS\SYSTEM32\powrprof.dll
0x00007ffdcb3f0000 - 0x00007ffdcb402000 	C:\WINDOWS\SYSTEM32\UMPDC.dll
0x00007ffdc1810000 - 0x00007ffdc19b4000 	C:\WINDOWS\System32\DriverStore\FileRepository\igdlh64.inf_amd64_9c76e19aa26b9a09\igdgmm64.dll
0x00007ffdc50f0000 - 0x00007ffdc51eb000 	C:\WINDOWS\SYSTEM32\textinputframework.dll
0x00007ffd80920000 - 0x00007ffd80979000 	C:\Users\SA\AppData\Local\Temp\lwjglSA\3.2.3-build-13\lwjgl_opengl.dll
0x00007ffd808a0000 - 0x00007ffd80917000 	C:\Users\SA\AppData\Local\Temp\lwjglSA\3.2.3-build-13\lwjgl_stb.dll

dbghelp: loaded successfully - version: 4.0.5 - missing functions: none
symbol engine: initialized successfully - sym options: 0x614 - pdb path: .;C:\Program Files\AdoptOpenJDK\jdk-11.0.10.9-hotspot\bin;C:\WINDOWS\SYSTEM32;C:\WINDOWS\WinSxS\amd64_microsoft.windows.common-controls_6595b64144ccf1df_6.0.19041.844_none_ca00b6081b84eb1d;C:\Program Files\AdoptOpenJDK\jdk-11.0.10.9-hotspot\bin\server;C:\Users\SA\AppData\Local\Temp\lwjglSA\3.2.3-build-13;C:\WINDOWS\System32\DriverStore\FileRepository\igdlh64.inf_amd64_9c76e19aa26b9a09

VM Arguments:
jvm_args: -Dfile.encoding=UTF-8 
java_command: com.snksynthesis.voxelgame.App
java_class_path (initial): C:\Users\SA\Desktop\Programming\java\voxel-game\target\classes;C:\Users\SA\.m2\repository\org\lwjgl\lwjgl\3.2.3\lwjgl-3.2.3.jar;C:\Users\SA\.m2\repository\org\lwjgl\lwjgl-assimp\3.2.3\lwjgl-assimp-3.2.3.jar;C:\Users\SA\.m2\repository\org\lwjgl\lwjgl-glfw\3.2.3\lwjgl-glfw-3.2.3.jar;C:\Users\SA\.m2\repository\org\lwjgl\lwjgl-openal\3.2.3\lwjgl-openal-3.2.3.jar;C:\Users\SA\.m2\repository\org\lwjgl\lwjgl-opengl\3.2.3\lwjgl-opengl-3.2.3.jar;C:\Users\SA\.m2\repository\org\lwjgl\lwjgl-stb\3.2.3\lwjgl-stb-3.2.3.jar;C:\Users\SA\.m2\repository\org\lwjgl\lwjgl\3.2.3\lwjgl-3.2.3-natives-windows.jar;C:\Users\SA\.m2\repository\org\lwjgl\lwjgl-assimp\3.2.3\lwjgl-assimp-3.2.3-natives-windows.jar;C:\Users\SA\.m2\repository\org\lwjgl\lwjgl-glfw\3.2.3\lwjgl-glfw-3.2.3-natives-windows.jar;C:\Users\SA\.m2\repository\org\lwjgl\lwjgl-openal\3.2.3\lwjgl-openal-3.2.3-natives-windows.jar;C:\Users\SA\.m2\repository\org\lwjgl\lwjgl-opengl\3.2.3\lwjgl-opengl-3.2.3-natives-windows.jar;C:\Users\SA\.m2\repository\org\lwjgl\lwjgl-stb\3.2.3\lwjgl-stb-3.2.3-natives-windows.jar;C:\Users\SA\.m2\repository\org\joml\joml\1.10.0\joml-1.10.0.jar
Launcher Type: SUN_STANDARD

[Global flags]
     intx CICompilerCount                          = 3                                         {product} {ergonomic}
     uint ConcGCThreads                            = 1                                         {product} {ergonomic}
     uint G1ConcRefinementThreads                  = 4                                         {product} {ergonomic}
   size_t G1HeapRegionSize                         = 1048576                                   {product} {ergonomic}
    uintx GCDrainStackTargetSize                   = 64                                        {product} {ergonomic}
   size_t InitialHeapSize                          = 268435456                                 {product} {ergonomic}
   size_t MarkStackSize                            = 4194304                                   {product} {ergonomic}
   size_t MaxHeapSize                              = 4269801472                                {product} {ergonomic}
   size_t MaxNewSize                               = 2561671168                                {product} {ergonomic}
   size_t MinHeapDeltaBytes                        = 1048576                                   {product} {ergonomic}
    uintx NonNMethodCodeHeapSize                   = 5830732                                {pd product} {ergonomic}
    uintx NonProfiledCodeHeapSize                  = 122913754                              {pd product} {ergonomic}
    uintx ProfiledCodeHeapSize                     = 122913754                              {pd product} {ergonomic}
    uintx ReservedCodeCacheSize                    = 251658240                              {pd product} {ergonomic}
     bool SegmentedCodeCache                       = true                                      {product} {ergonomic}
     bool UseCompressedClassPointers               = true                                 {lp64_product} {ergonomic}
     bool UseCompressedOops                        = true                                 {lp64_product} {ergonomic}
     bool UseG1GC                                  = true                                      {product} {ergonomic}
     bool UseLargePagesIndividualAllocation        = false                                  {pd product} {ergonomic}

Logging:
Log output configuration:
 #0: stdout all=warning uptime,level,tags
 #1: stderr all=off uptime,level,tags

Environment Variables:
JAVA_HOME=C:\Program Files\AdoptOpenJDK\jdk-11.0.10.9-hotspot
PATH=C:\Python39\Scripts\;C:\Python39\;C:\Program Files\AdoptOpenJDK\jdk-11.0.10.9-hotspot\bin;C:\Program Files (x86)\VMware\VMware Player\bin\;C:\Program Files\Common Files\Oracle\Java\javapath;C:\apache-maven-3.6.3-bin\apache-maven-3.6.3\bin;C:\Program Files\Java\jdk-12.0.1\bin;C:\WINDOWS\system32;C:\WINDOWS;C:\WINDOWS\System32\Wbem;C:\WINDOWS\System32\WindowsPowerShell\v1.0\;C:\WINDOWS\System32\OpenSSH\;C:\Program Files\NVIDIA Corporation\NVIDIA NvDLISR;C:\Program Files (x86)\Intel\Intel(R) Management Engine Components\DAL;C:\Program Files\Intel\Intel(R) Management Engine Components\DAL;C:\Program Files (x86)\NVIDIA Corporation\PhysX\Common;C:\Program Files\CMake\bin;C:\TDM-GCC-64\bin;C:\Program Files\Git\cmd;C:\Users\SA\Desktop\bin;C:\Program Files\nodejs\;C:\ProgramData\chocolatey\bin;C:\WINDOWS\system32;C:\WINDOWS;C:\WINDOWS\System32\Wbem;C:\WINDOWS\System32\WindowsPowerShell\v1.0\;C:\WINDOWS\System32\OpenSSH\;C:\Program Files\Go\bin;C:\Users\SA\AppData\Local\Programs\Python\Python39\Scripts\;C:\Users\SA\AppData\Local\Programs\Python\Python39\;C:\Users\SA\AppData\Local\Programs\Python\Python38-32\Scripts\;C:\Users\SA\AppData\Local\Programs\Python\Python38-32\;C:\Users\SA\AppData\Local\Microsoft\WindowsApps;C:\Users\SA\AppData\Local\Programs\Microsoft VS Code\bin;C:\Users\SA\AppData\Roaming\Python\Python38\Scripts;C:\Users\SA\AppData\Local\Programs\ninja-win;C:\Program Files\Sqlite3;C:\Gradle\bin;C:\Program Files\git\bin;C:\Users\SA\AppData\Roaming\npm;C:\Users\SA\AppData\Local\Programs\Microsoft VS Code Insiders\bin;C:\Users\SA\AppData\Roaming\Python\Python39\Scripts;C:\Users\SA\go\bin
USERNAME=SA
LANG=en_US.UTF-8
OS=Windows_NT
PROCESSOR_IDENTIFIER=Intel64 Family 6 Model 142 Stepping 9, GenuineIntel



---------------  S Y S T E M  ---------------

OS: Windows 10 , 64 bit Build 19041 (10.0.19041.804)
OS uptime: 7 days 2:36 hours
Hyper-V role detected

CPU:total 4 (initial active 4) (2 cores per cpu, 2 threads per core) family 6 model 142 stepping 9 microcode 0xde, cmov, cx8, fxsr, mmx, sse, sse2, sse3, ssse3, sse4.1, sse4.2, popcnt, avx, avx2, aes, clmul, erms, 3dnowpref, lzcnt, ht, tsc, tscinvbit, bmi1, bmi2, adx, fma

Memory: 4k page, system-wide physical 16286M (8664M free)
TotalPageFile size 18718M (AvailPageFile size 8175M)
current process WorkingSet (physical memory assigned to process): 110M, peak: 110M
current process commit charge ("private bytes"): 357M, peak: 357M

vm_info: OpenJDK 64-Bit Server VM (11.0.10+9) for windows-amd64 JRE (11.0.10+9), built on Jan 20 2021 06:07:07 by "" with MS VC++ 15.9 (VS2017)

END.
